2016-03-31 13:22:30,246 [main] INFO  c.g.t.t.d.PublishedGradleVersions - Gradle version information cache file is out-of-date. Remote download required.
2016-03-31 13:24:34,784 [main] INFO  c.g.t.t.d.PublishedGradleVersions - Gradle version information cache file is not out-of-date. No remote download required.
2016-03-31 13:28:05,794 [main] INFO  c.g.t.t.d.PublishedGradleVersions - Gradle version information cache file is not out-of-date. No remote download required.
2016-03-31 16:34:09,544 [Start Help Server] INFO  org.eclipse.jetty.util.log - Logging initialized @9931762ms
2016-03-31 16:34:09,869 [Start Help Server] INFO  org.eclipse.jetty.server.Server - jetty-9.2.13.v20150730
2016-03-31 16:34:09,915 [Start Help Server] INFO  o.e.j.server.handler.ContextHandler - Started o.e.j.s.ServletContextHandler@7c3d4ac5{/help,null,AVAILABLE}
2016-03-31 16:34:09,924 [Start Help Server] INFO  o.e.jetty.server.ServerConnector - Started ServerConnector@16905360{HTTP/1.1}{127.0.0.1:52452}
2016-03-31 16:34:09,924 [Start Help Server] INFO  org.eclipse.jetty.server.Server - Started @9932143ms
2016-04-04 17:03:58,345 [main] INFO  c.g.t.t.d.PublishedGradleVersions - Gradle version information cache file is out-of-date. Remote download required.
2016-04-04 17:08:20,079 [Start Help Server] INFO  org.eclipse.jetty.util.log - Logging initialized @1492220ms
2016-04-04 17:08:20,407 [Start Help Server] INFO  org.eclipse.jetty.server.Server - jetty-9.2.13.v20150730
2016-04-04 17:08:20,452 [Start Help Server] INFO  o.e.j.server.handler.ContextHandler - Started o.e.j.s.ServletContextHandler@754af19a{/help,null,AVAILABLE}
2016-04-04 17:08:20,461 [Start Help Server] INFO  o.e.jetty.server.ServerConnector - Started ServerConnector@2d34038c{HTTP/1.1}{127.0.0.1:54208}
2016-04-04 17:08:20,463 [Start Help Server] INFO  org.eclipse.jetty.server.Server - Started @1492603ms
2016-04-07 22:16:42,494 [Start Help Server] INFO  org.eclipse.jetty.util.log - Logging initialized @161865ms
2016-04-07 22:16:42,776 [Start Help Server] INFO  org.eclipse.jetty.server.Server - jetty-9.2.13.v20150730
2016-04-07 22:16:42,813 [Start Help Server] INFO  o.e.j.server.handler.ContextHandler - Started o.e.j.s.ServletContextHandler@48dc4b96{/help,null,AVAILABLE}
2016-04-07 22:16:42,822 [Start Help Server] INFO  o.e.jetty.server.ServerConnector - Started ServerConnector@7a284e36{HTTP/1.1}{127.0.0.1:60136}
2016-04-07 22:16:42,822 [Start Help Server] INFO  org.eclipse.jetty.server.Server - Started @162206ms
2016-04-07 22:23:58,413 [main] INFO  c.g.t.t.d.PublishedGradleVersions - Gradle version information cache file is out-of-date. Remote download required.
2016-04-09 07:58:37,359 [main] INFO  c.g.t.t.d.PublishedGradleVersions - Gradle version information cache file is out-of-date. Remote download required.
2016-04-09 08:18:00,437 [Start Help Server] INFO  org.eclipse.jetty.util.log - Logging initialized @21339318ms
2016-04-09 08:18:00,754 [Start Help Server] INFO  org.eclipse.jetty.server.Server - jetty-9.2.13.v20150730
2016-04-09 08:18:00,803 [Start Help Server] INFO  o.e.j.server.handler.ContextHandler - Started o.e.j.s.ServletContextHandler@1f732790{/help,null,AVAILABLE}
2016-04-09 08:18:00,816 [Start Help Server] INFO  o.e.jetty.server.ServerConnector - Started ServerConnector@7171ddb3{HTTP/1.1}{127.0.0.1:60088}
2016-04-09 08:18:00,816 [Start Help Server] INFO  org.eclipse.jetty.server.Server - Started @21339696ms
2016-04-11 05:14:46,944 [Start Help Server] INFO  org.eclipse.jetty.util.log - Logging initialized @7615109ms
2016-04-11 05:14:47,282 [Start Help Server] INFO  org.eclipse.jetty.server.Server - jetty-9.2.13.v20150730
2016-04-11 05:14:47,325 [Start Help Server] INFO  o.e.j.server.handler.ContextHandler - Started o.e.j.s.ServletContextHandler@d2db918{/help,null,AVAILABLE}
2016-04-11 05:14:47,333 [Start Help Server] INFO  o.e.jetty.server.ServerConnector - Started ServerConnector@3bedd368{HTTP/1.1}{127.0.0.1:58413}
2016-04-11 05:14:47,334 [Start Help Server] INFO  org.eclipse.jetty.server.Server - Started @7615538ms
2016-04-11 05:49:37,638 [main] INFO  c.g.t.t.d.PublishedGradleVersions - Gradle version information cache file is out-of-date. Remote download required.
2016-04-11 10:46:55,802 [Start Help Server] INFO  org.eclipse.jetty.util.log - Logging initialized @19441718ms
2016-04-11 10:46:56,125 [Start Help Server] INFO  org.eclipse.jetty.server.Server - jetty-9.2.13.v20150730
2016-04-11 10:46:56,175 [Start Help Server] INFO  o.e.j.server.handler.ContextHandler - Started o.e.j.s.ServletContextHandler@34025189{/help,null,AVAILABLE}
2016-04-11 10:46:56,184 [Start Help Server] INFO  o.e.jetty.server.ServerConnector - Started ServerConnector@241047cf{HTTP/1.1}{127.0.0.1:49221}
2016-04-11 10:46:56,185 [Start Help Server] INFO  org.eclipse.jetty.server.Server - Started @19442100ms
